# JRE version: OpenJDK Runtime Environment Temurin-21.0.8+9 (21.0.8+9) (build 21.0.8+9-LTS)
# Java VM: OpenJDK 64-Bit Server VM Temurin-21.0.8+9 (21.0.8+9-LTS, mixed mode, sharing, tiered, compressed oops, compressed class ptrs, parallel gc, windows-amd64)
GC Precious Log:
 CardTable entry size: 512
 CPUs: 4 total, 4 available
 Memory: 8025M
 Large Page Support: Disabled
 NUMA Support: Disabled
 Compressed Oops: Enabled (32-bit)
 Alignments: Space 512K, Generation 512K, Heap 2M
 Heap Min Capacity: 100M
 Heap Initial Capacity: 100M
 Heap Max Capacity: 2G
 Pre-touch: Disabled
 Parallel Workers: 4
Heap:
 PSYoungGen      total 3584K, used 3104K [0x00000000d5580000, 0x00000000d5a00000, 0x0000000100000000)
  eden space 2560K, 100% used [0x00000000d5580000,0x00000000d5800000,0x00000000d5800000)
  from space 1024K, 53% used [0x00000000d5900000,0x00000000d5988188,0x00000000d5a00000)
  to   space 1024K, 30% used [0x00000000d5800000,0x00000000d584d200,0x00000000d5900000)
 ParOldGen       total 457728K, used 457726K [0x0000000080000000, 0x000000009bf00000, 0x00000000d5580000)
  object space 457728K, 99% used [0x0000000080000000,0x000000009beffb50,0x000000009bf00000)
 Metaspace       used 75659K, committed 77312K, reserved 1179648K
  class space    used 7507K, committed 8192K, reserved 1048576K
GC Heap History (20 events):
Event: 50162.994 GC heap after
{Heap after GC invocations=951 (full 4):
 PSYoungGen      total 3072K, used 481K [0x00000000d5580000, 0x00000000d5a80000, 0x0000000100000000)
  eden space 2560K, 0% used [0x00000000d5580000,0x00000000d5580000,0x00000000d5800000)
  from space 512K, 94% used [0x00000000d5880000,0x00000000d58f8530,0x00000000d5900000)
  to   space 1024K, 0% used [0x00000000d5980000,0x00000000d5980000,0x00000000d5a80000)
 ParOldGen       total 450048K, used 449948K [0x0000000080000000, 0x000000009b780000, 0x00000000d5580000)
  object space 450048K, 99% used [0x0000000080000000,0x000000009b7672c0,0x000000009b780000)
 Metaspace       used 75145K, committed 76800K, reserved 1179648K
  class space    used 7431K, committed 8128K, reserved 1048576K
}
Event: 50163.025 GC heap before
{Heap before GC invocations=952 (full 4):
 PSYoungGen      total 3072K, used 3041K [0x00000000d5580000, 0x00000000d5a80000, 0x0000000100000000)
  eden space 2560K, 100% used [0x00000000d5580000,0x00000000d5800000,0x00000000d5800000)
  from space 512K, 94% used [0x00000000d5880000,0x00000000d58f8530,0x00000000d5900000)
  to   space 1024K, 0% used [0x00000000d5980000,0x00000000d5980000,0x00000000d5a80000)
 ParOldGen       total 450048K, used 449948K [0x0000000080000000, 0x000000009b780000, 0x00000000d5580000)
  object space 450048K, 99% used [0x0000000080000000,0x000000009b7672c0,0x000000009b780000)
 Metaspace       used 75246K, committed 76928K, reserved 1179648K
  class space    used 7437K, committed 8128K, reserved 1048576K
}
Event: 50163.028 GC heap after
{Heap after GC invocations=952 (full 4):
 PSYoungGen      total 3072K, used 288K [0x00000000d5580000, 0x00000000d5a00000, 0x0000000100000000)
  eden space 2560K, 0% used [0x00000000d5580000,0x00000000d5580000,0x00000000d5800000)
  from space 512K, 56% used [0x00000000d5980000,0x00000000d59c8020,0x00000000d5a00000)
  to   space 512K, 0% used [0x00000000d5880000,0x00000000d5880000,0x00000000d5900000)
 ParOldGen       total 450560K, used 450212K [0x0000000080000000, 0x000000009b800000, 0x00000000d5580000)
  object space 450560K, 99% used [0x0000000080000000,0x000000009b7a92d0,0x000000009b800000)
 Metaspace       used 75246K, committed 76928K, reserved 1179648K
  class space    used 7437K, committed 8128K, reserved 1048576K
}
Event: 50163.046 GC heap before
{Heap before GC invocations=953 (full 4):
 PSYoungGen      total 3072K, used 2848K [0x00000000d5580000, 0x00000000d5a00000, 0x0000000100000000)
  eden space 2560K, 100% used [0x00000000d5580000,0x00000000d5800000,0x00000000d5800000)
  from space 512K, 56% used [0x00000000d5980000,0x00000000d59c8020,0x00000000d5a00000)
  to   space 512K, 0% used [0x00000000d5880000,0x00000000d5880000,0x00000000d5900000)
 ParOldGen       total 450560K, used 450212K [0x0000000080000000, 0x000000009b800000, 0x00000000d5580000)
  object space 450560K, 99% used [0x0000000080000000,0x000000009b7a92d0,0x000000009b800000)
 Metaspace       used 75253K, committed 76928K, reserved 1179648K
  class space    used 7438K, committed 8128K, reserved 1048576K
}
Event: 50163.048 GC heap after
{Heap after GC invocations=953 (full 4):
 PSYoungGen      total 3072K, used 224K [0x00000000d5580000, 0x00000000d5a00000, 0x0000000100000000)
  eden space 2560K, 0% used [0x00000000d5580000,0x00000000d5580000,0x00000000d5800000)
  from space 512K, 43% used [0x00000000d5880000,0x00000000d58b8000,0x00000000d5900000)
  to   space 512K, 0% used [0x00000000d5980000,0x00000000d5980000,0x00000000d5a00000)
 ParOldGen       total 450560K, used 450412K [0x0000000080000000, 0x000000009b800000, 0x00000000d5580000)
  object space 450560K, 99% used [0x0000000080000000,0x000000009b7db2b0,0x000000009b800000)
 Metaspace       used 75253K, committed 76928K, reserved 1179648K
  class space    used 7438K, committed 8128K, reserved 1048576K
}
Event: 50163.111 GC heap before
{Heap before GC invocations=954 (full 4):
 PSYoungGen      total 3072K, used 2784K [0x00000000d5580000, 0x00000000d5a00000, 0x0000000100000000)
  eden space 2560K, 100% used [0x00000000d5580000,0x00000000d5800000,0x00000000d5800000)
  from space 512K, 43% used [0x00000000d5880000,0x00000000d58b8000,0x00000000d5900000)
  to   space 512K, 0% used [0x00000000d5980000,0x00000000d5980000,0x00000000d5a00000)
 ParOldGen       total 450560K, used 450412K [0x0000000080000000, 0x000000009b800000, 0x00000000d5580000)
  object space 450560K, 99% used [0x0000000080000000,0x000000009b7db2b0,0x000000009b800000)
 Metaspace       used 75269K, committed 76928K, reserved 1179648K
  class space    used 7442K, committed 8128K, reserved 1048576K
}
Event: 50163.113 GC heap after
{Heap after GC invocations=954 (full 4):
 PSYoungGen      total 3072K, used 224K [0x00000000d5580000, 0x00000000d5a00000, 0x0000000100000000)
  eden space 2560K, 0% used [0x00000000d5580000,0x00000000d5580000,0x00000000d5800000)
  from space 512K, 43% used [0x00000000d5980000,0x00000000d59b8000,0x00000000d5a00000)
  to   space 512K, 0% used [0x00000000d5880000,0x00000000d5880000,0x00000000d5900000)
 ParOldGen       total 451072K, used 450588K [0x0000000080000000, 0x000000009b880000, 0x00000000d5580000)
  object space 451072K, 99% used [0x0000000080000000,0x000000009b8072b0,0x000000009b880000)
 Metaspace       used 75269K, committed 76928K, reserved 1179648K
  class space    used 7442K, committed 8128K, reserved 1048576K
}
Event: 50163.202 GC heap before
{Heap before GC invocations=955 (full 4):
 PSYoungGen      total 3072K, used 2784K [0x00000000d5580000, 0x00000000d5a00000, 0x0000000100000000)
  eden space 2560K, 100% used [0x00000000d5580000,0x00000000d5800000,0x00000000d5800000)
  from space 512K, 43% used [0x00000000d5980000,0x00000000d59b8000,0x00000000d5a00000)
  to   space 512K, 0% used [0x00000000d5880000,0x00000000d5880000,0x00000000d5900000)
 ParOldGen       total 451072K, used 450588K [0x0000000080000000, 0x000000009b880000, 0x00000000d5580000)
  object space 451072K, 99% used [0x0000000080000000,0x000000009b8072b0,0x000000009b880000)
 Metaspace       used 75269K, committed 76928K, reserved 1179648K
  class space    used 7442K, committed 8128K, reserved 1048576K
}
Event: 50163.203 GC heap after
{Heap after GC invocations=955 (full 4):
 PSYoungGen      total 3072K, used 352K [0x00000000d5580000, 0x00000000d5a00000, 0x0000000100000000)
  eden space 2560K, 0% used [0x00000000d5580000,0x00000000d5580000,0x00000000d5800000)
  from space 512K, 68% used [0x00000000d5880000,0x00000000d58d8020,0x00000000d5900000)
  to   space 512K, 0% used [0x00000000d5980000,0x00000000d5980000,0x00000000d5a00000)
 ParOldGen       total 451072K, used 450740K [0x0000000080000000, 0x000000009b880000, 0x00000000d5580000)
  object space 451072K, 99% used [0x0000000080000000,0x000000009b82d2b0,0x000000009b880000)
 Metaspace       used 75269K, committed 76928K, reserved 1179648K
  class space    used 7442K, committed 8128K, reserved 1048576K
}
Event: 50163.511 GC heap before
{Heap before GC invocations=956 (full 4):
 PSYoungGen      total 3072K, used 2912K [0x00000000d5580000, 0x00000000d5a00000, 0x0000000100000000)
  eden space 2560K, 99% used [0x00000000d5580000,0x00000000d57ffff8,0x00000000d5800000)
  from space 512K, 68% used [0x00000000d5880000,0x00000000d58d8020,0x00000000d5900000)
  to   space 512K, 0% used [0x00000000d5980000,0x00000000d5980000,0x00000000d5a00000)
 ParOldGen       total 452608K, used 452220K [0x0000000080000000, 0x000000009ba00000, 0x00000000d5580000)
  object space 452608K, 99% used [0x0000000080000000,0x000000009b99f1e0,0x000000009ba00000)
 Metaspace       used 75309K, committed 77056K, reserved 1179648K
  class space    used 7448K, committed 8192K, reserved 1048576K
}
Event: 50163.514 GC heap after
{Heap after GC invocations=956 (full 4):
 PSYoungGen      total 3072K, used 448K [0x00000000d5580000, 0x00000000d5a00000, 0x0000000100000000)
  eden space 2560K, 0% used [0x00000000d5580000,0x00000000d5580000,0x00000000d5800000)
  from space 512K, 87% used [0x00000000d5980000,0x00000000d59f0000,0x00000000d5a00000)
  to   space 512K, 0% used [0x00000000d5880000,0x00000000d5880000,0x00000000d5900000)
 ParOldGen       total 453632K, used 453293K [0x0000000080000000, 0x000000009bb00000, 0x00000000d5580000)
  object space 453632K, 99% used [0x0000000080000000,0x000000009baab530,0x000000009bb00000)
 Metaspace       used 75309K, committed 77056K, reserved 1179648K
  class space    used 7448K, committed 8192K, reserved 1048576K
}
Event: 50163.784 GC heap before
{Heap before GC invocations=957 (full 4):
 PSYoungGen      total 3072K, used 3008K [0x00000000d5580000, 0x00000000d5a00000, 0x0000000100000000)
  eden space 2560K, 100% used [0x00000000d5580000,0x00000000d5800000,0x00000000d5800000)
  from space 512K, 87% used [0x00000000d5980000,0x00000000d59f0000,0x00000000d5a00000)
  to   space 512K, 0% used [0x00000000d5880000,0x00000000d5880000,0x00000000d5900000)
 ParOldGen       total 453632K, used 453293K [0x0000000080000000, 0x000000009bb00000, 0x00000000d5580000)
  object space 453632K, 99% used [0x0000000080000000,0x000000009baab530,0x000000009bb00000)
 Metaspace       used 75359K, committed 77056K, reserved 1179648K
  class space    used 7453K, committed 8192K, reserved 1048576K
}
Event: 50163.788 GC heap after
{Heap after GC invocations=957 (full 4):
 PSYoungGen      total 3072K, used 383K [0x00000000d5580000, 0x00000000d5a00000, 0x0000000100000000)
  eden space 2560K, 0% used [0x00000000d5580000,0x00000000d5580000,0x00000000d5800000)
  from space 512K, 74% used [0x00000000d5880000,0x00000000d58dfc48,0x00000000d5900000)
  to   space 512K, 0% used [0x00000000d5980000,0x00000000d5980000,0x00000000d5a00000)
 ParOldGen       total 453632K, used 453625K [0x0000000080000000, 0x000000009bb00000, 0x00000000d5580000)
  object space 453632K, 99% used [0x0000000080000000,0x000000009bafe540,0x000000009bb00000)
 Metaspace       used 75359K, committed 77056K, reserved 1179648K
  class space    used 7453K, committed 8192K, reserved 1048576K
}
Event: 50163.955 GC heap before
{Heap before GC invocations=958 (full 4):
 PSYoungGen      total 3072K, used 2943K [0x00000000d5580000, 0x00000000d5a00000, 0x0000000100000000)
  eden space 2560K, 100% used [0x00000000d5580000,0x00000000d5800000,0x00000000d5800000)
  from space 512K, 74% used [0x00000000d5880000,0x00000000d58dfc48,0x00000000d5900000)
  to   space 512K, 0% used [0x00000000d5980000,0x00000000d5980000,0x00000000d5a00000)
 ParOldGen       total 455168K, used 455105K [0x0000000080000000, 0x000000009bc80000, 0x00000000d5580000)
  object space 455168K, 99% used [0x0000000080000000,0x000000009bc70470,0x000000009bc80000)
 Metaspace       used 75374K, committed 77120K, reserved 1179648K
  class space    used 7454K, committed 8192K, reserved 1048576K
}
Event: 50163.960 GC heap after
{Heap after GC invocations=958 (full 4):
 PSYoungGen      total 3072K, used 502K [0x00000000d5580000, 0x00000000d5a00000, 0x0000000100000000)
  eden space 2560K, 0% used [0x00000000d5580000,0x00000000d5580000,0x00000000d5800000)
  from space 512K, 98% used [0x00000000d5980000,0x00000000d59fdb10,0x00000000d5a00000)
  to   space 1024K, 0% used [0x00000000d5800000,0x00000000d5800000,0x00000000d5900000)
 ParOldGen       total 455680K, used 455423K [0x0000000080000000, 0x000000009bd00000, 0x00000000d5580000)
  object space 455680K, 99% used [0x0000000080000000,0x000000009bcbfe80,0x000000009bd00000)
 Metaspace       used 75374K, committed 77120K, reserved 1179648K
  class space    used 7454K, committed 8192K, reserved 1048576K
}
Event: 50163.989 GC heap before
{Heap before GC invocations=959 (full 4):
 PSYoungGen      total 3072K, used 3028K [0x00000000d5580000, 0x00000000d5a00000, 0x0000000100000000)
  eden space 2560K, 98% used [0x00000000d5580000,0x00000000d57f7858,0x00000000d5800000)
  from space 512K, 98% used [0x00000000d5980000,0x00000000d59fdb10,0x00000000d5a00000)
  to   space 1024K, 0% used [0x00000000d5800000,0x00000000d5800000,0x00000000d5900000)
 ParOldGen       total 457216K, used 456903K [0x0000000080000000, 0x000000009be80000, 0x00000000d5580000)
  object space 457216K, 99% used [0x0000000080000000,0x000000009be31db0,0x000000009be80000)
 Metaspace       used 75398K, committed 77120K, reserved 1179648K
  class space    used 7456K, committed 8192K, reserved 1048576K
}
Event: 50163.992 GC heap after
{Heap after GC invocations=959 (full 4):
 PSYoungGen      total 3584K, used 396K [0x00000000d5580000, 0x00000000d5a00000, 0x0000000100000000)
  eden space 2560K, 0% used [0x00000000d5580000,0x00000000d5580000,0x00000000d5800000)
  from space 1024K, 38% used [0x00000000d5800000,0x00000000d58631d8,0x00000000d5900000)
  to   space 1024K, 0% used [0x00000000d5900000,0x00000000d5900000,0x00000000d5a00000)
 ParOldGen       total 457728K, used 457388K [0x0000000080000000, 0x000000009bf00000, 0x00000000d5580000)
  object space 457728K, 99% used [0x0000000080000000,0x000000009beab050,0x000000009bf00000)
 Metaspace       used 75398K, committed 77120K, reserved 1179648K
  class space    used 7456K, committed 8192K, reserved 1048576K
}
Event: 50164.211 GC heap before
{Heap before GC invocations=960 (full 4):
 PSYoungGen      total 3584K, used 2956K [0x00000000d5580000, 0x00000000d5a00000, 0x0000000100000000)
  eden space 2560K, 100% used [0x00000000d5580000,0x00000000d5800000,0x00000000d5800000)
  from space 1024K, 38% used [0x00000000d5800000,0x00000000d58631d8,0x00000000d5900000)
  to   space 1024K, 0% used [0x00000000d5900000,0x00000000d5900000,0x00000000d5a00000)
 ParOldGen       total 457728K, used 457388K [0x0000000080000000, 0x000000009bf00000, 0x00000000d5580000)
  object space 457728K, 99% used [0x0000000080000000,0x000000009beab050,0x000000009bf00000)
 Metaspace       used 75495K, committed 77184K, reserved 1179648K
  class space    used 7461K, committed 8192K, reserved 1048576K
}
Event: 50164.213 GC heap after
{Heap after GC invocations=960 (full 4):
 PSYoungGen      total 3584K, used 544K [0x00000000d5580000, 0x00000000d5a00000, 0x0000000100000000)
  eden space 2560K, 0% used [0x00000000d5580000,0x00000000d5580000,0x00000000d5800000)
  from space 1024K, 53% used [0x00000000d5900000,0x00000000d5988188,0x00000000d5a00000)
  to   space 1024K, 0% used [0x00000000d5800000,0x00000000d5800000,0x00000000d5900000)
 ParOldGen       total 457728K, used 457478K [0x0000000080000000, 0x000000009bf00000, 0x00000000d5580000)
  object space 457728K, 99% used [0x0000000080000000,0x000000009bec1970,0x000000009bf00000)
 Metaspace       used 75495K, committed 77184K, reserved 1179648K
  class space    used 7461K, committed 8192K, reserved 1048576K
}
Event: 50165.042 GC heap before
{Heap before GC invocations=961 (full 4):
 PSYoungGen      total 3584K, used 3104K [0x00000000d5580000, 0x00000000d5a00000, 0x0000000100000000)
  eden space 2560K, 100% used [0x00000000d5580000,0x00000000d5800000,0x00000000d5800000)
  from space 1024K, 53% used [0x00000000d5900000,0x00000000d5988188,0x00000000d5a00000)
  to   space 1024K, 0% used [0x00000000d5800000,0x00000000d5800000,0x00000000d5900000)
 ParOldGen       total 457728K, used 457478K [0x0000000080000000, 0x000000009bf00000, 0x00000000d5580000)
  object space 457728K, 99% used [0x0000000080000000,0x000000009bec1970,0x000000009bf00000)
 Metaspace       used 75659K, committed 77312K, reserved 1179648K
  class space    used 7507K, committed 8192K, reserved 1048576K
}

